<?xml version="1.0" encoding="UTF-8"?>
<!-- Generated by org.testng.reporters.JUnitXMLReporter -->
<testsuite hostname="RAMYA-PC" name="Default test" tests="3" failures="0" timestamp="19 Nov 2020 03:17:05 GMT" time="0.065" errors="0">
  <testcase name="registration" time="0.024" classname="testNGbasicAnnotations.DependsonMethodTest"/>
  <testcase name="bookTest" time="0.001" classname="testNGbasicAnnotations.DependsonMethodTest"/>
  <testcase name="login" time="0.001" classname="testNGbasicAnnotations.DependsonMethodTest"/>
</testsuite> <!-- Default test -->
