<?xml version="1.0" encoding="UTF-8"?>
<testng-results skipped="0" failed="0" total="3" passed="3">
  <reporter-output>
  </reporter-output>
  <suite name="Default suite" duration-ms="65" started-at="2020-11-19T03:17:04Z" finished-at="2020-11-19T03:17:05Z">
    <groups>
    </groups>
    <test name="Default test" duration-ms="65" started-at="2020-11-19T03:17:04Z" finished-at="2020-11-19T03:17:05Z">
      <class name="testNGbasicAnnotations.DependsonMethodTest">
        <test-method status="PASS" signature="registration()[pri:0, instance:testNGbasicAnnotations.DependsonMethodTest@5cc7c2a6]" name="registration" duration-ms="24" started-at="2020-11-19T08:47:05Z" finished-at="2020-11-19T08:47:05Z">
          <reporter-output>
          </reporter-output>
        </test-method> <!-- registration -->
        <test-method status="PASS" signature="bookTest()[pri:0, instance:testNGbasicAnnotations.DependsonMethodTest@5cc7c2a6]" name="bookTest" duration-ms="1" started-at="2020-11-19T08:47:05Z" finished-at="2020-11-19T08:47:05Z">
          <reporter-output>
          </reporter-output>
        </test-method> <!-- bookTest -->
        <test-method status="PASS" signature="login()[pri:0, instance:testNGbasicAnnotations.DependsonMethodTest@5cc7c2a6]" name="login" duration-ms="1" started-at="2020-11-19T08:47:05Z" depends-on-methods="testNGbasicAnnotations.DependsonMethodTest.registration" finished-at="2020-11-19T08:47:05Z">
          <reporter-output>
          </reporter-output>
        </test-method> <!-- login -->
      </class> <!-- testNGbasicAnnotations.DependsonMethodTest -->
    </test> <!-- Default test -->
  </suite> <!-- Default suite -->
</testng-results>
